#
# There is insufficient memory for the Java Runtime Environment to continue.
# Native memory allocation (mmap) failed to map 134217728 bytes for Failed to commit area from 0x0000000081a00000 to 0x0000000089a00000 of length 134217728.
# Possible reasons:
#   The system is out of physical RAM or swap space
#   The process is running with CompressedOops enabled, and the Java Heap may be blocking the growth of the native heap
# Possible solutions:
#   Reduce memory load on the system
#   Increase physical memory or swap space
#   Check if swap backing store is full
#   Decrease Java heap size (-Xmx/-Xms)
#   Decrease number of Java threads
#   Decrease Java thread stack sizes (-Xss)
#   Set larger code cache with -XX:ReservedCodeCacheSize=
# This output file may be truncated or incomplete.
#
#  Out of Memory Error (t:/workspace/open/src/hotspot/os/windows/os_windows.cpp:3271), pid=14440, tid=14272
#
# JRE version:  (11.0.6+8) (build )
# Java VM: Java HotSpot(TM) 64-Bit Server VM (11.0.6+8-LTS, mixed mode, sharing, tiered, compressed oops, g1 gc, windows-amd64)
# No core dump will be written. Minidumps are not enabled by default on client versions of Windows
#

---------------  S U M M A R Y ------------

Command Line: -Xverify:none -XX:TieredStopAtLevel=1 -Dfile.encoding=windows-1252 -Duser.country=NZ -Duser.language=en -Duser.variant com.springvuegradle.Application

Host: Intel(R) Core(TM) i5-7200U CPU @ 2.50GHz, 4 cores, 7G,  Windows 10 , 64 bit Build 18362 (10.0.18362.329)
Time: Wed Mar 11 12:11:45 2020 New Zealand Daylight Time elapsed time: 0 seconds (0d 0h 0m 0s)

---------------  T H R E A D  ---------------

Current thread (0x0000024c9d92d800):  JavaThread "Unknown thread" [_thread_in_vm, id=14272, stack(0x000000f158d00000,0x000000f158e00000)]

Stack: [0x000000f158d00000,0x000000f158e00000]
Native frames: (J=compiled Java code, j=interpreted, Vv=VM code, C=native code)
V  [jvm.dll+0x63679a]
V  [jvm.dll+0x7755bf]
V  [jvm.dll+0x776c65]
V  [jvm.dll+0x7772d3]
V  [jvm.dll+0x25e7f8]
V  [jvm.dll+0x633c4a]
V  [jvm.dll+0x628625]
V  [jvm.dll+0x314a7c]
V  [jvm.dll+0x314902]
V  [jvm.dll+0x31a176]
V  [jvm.dll+0x36650f]
V  [jvm.dll+0x365f30]
V  [jvm.dll+0x2f1a78]
V  [jvm.dll+0x2f2bf6]
V  [jvm.dll+0x74e707]
V  [jvm.dll+0x74fe7f]
V  [jvm.dll+0x373349]
V  [jvm.dll+0x734e5e]
V  [jvm.dll+0x3e2b5d]
V  [jvm.dll+0x3e4ef1]
C  [java.exe+0x3607]
C  [java.exe+0x178dc]
C  [KERNEL32.DLL+0x17bd4]
C  [ntdll.dll+0x6ced1]


---------------  P R O C E S S  ---------------

Threads class SMR info:
_java_thread_list=0x0000024c9b74e910, length=0, elements={
}

Java Threads: ( => current thread )

Other Threads:
  0x0000024c9d945800 GCTaskThread "GC Thread#0" [stack: 0x000000f158e00000,0x000000f158f00000] [id=1532]
  0x0000024c9d977000 ConcurrentGCThread "G1 Main Marker" [stack: 0x000000f158f00000,0x000000f159000000] [id=7852]
  0x0000024c9d978800 ConcurrentGCThread "G1 Conc#0" [stack: 0x000000f159000000,0x000000f159100000] [id=18080]

[error occurred during error reporting (printing all threads), id 0xc0000005, EXCEPTION_ACCESS_VIOLATION (0xc0000005) at pc=0x00007ffbaf750207]

VM state:not at safepoint (not fully initialized)

VM Mutex/Monitor currently owned by a thread:  ([mutex/lock_event])
[0x0000024c9d92b370] Heap_lock - owner thread: 0x0000024c9d92d800

Heap address: 0x0000000081a00000, size: 2022 MB, Compressed Oops mode: Non-zero based: 0x0000000081a00000
Narrow klass base: 0x0000000000000000, Narrow klass shift: 0

GC Heap History (0 events):
No events

Deoptimization events (0 events):
No events

Classes redefined (0 events):
No events

Internal exceptions (0 events):
No events

Events (0 events):
No events


Dynamic libraries:
0x00007ff6adec0000 - 0x00007ff6adf07000 	C:\Program Files\Java\jdk-11.0.6\bin\java.exe
0x00007ffc16c20000 - 0x00007ffc16e10000 	C:\WINDOWS\SYSTEM32\ntdll.dll
0x00007ffbe13a0000 - 0x00007ffbe13b5000 	C:\Program Files (x86)\AVG\Antivirus\aswhook.dll
0x00007ffc15e20000 - 0x00007ffc15ed2000 	C:\WINDOWS\System32\KERNEL32.DLL
0x00007ffc14680000 - 0x00007ffc14923000 	C:\WINDOWS\System32\KERNELBASE.dll
0x00007ffc15500000 - 0x00007ffc155a3000 	C:\WINDOWS\System32\ADVAPI32.dll
0x00007ffc16b30000 - 0x00007ffc16bce000 	C:\WINDOWS\System32\msvcrt.dll
0x00007ffc14dd0000 - 0x00007ffc14e67000 	C:\WINDOWS\System32\sechost.dll
0x00007ffc15ee0000 - 0x00007ffc16000000 	C:\WINDOWS\System32\RPCRT4.dll
0x00007ffc166f0000 - 0x00007ffc16884000 	C:\WINDOWS\System32\USER32.dll
0x00007ffc14c20000 - 0x00007ffc14c41000 	C:\WINDOWS\System32\win32u.dll
0x00007ffc14ea0000 - 0x00007ffc14ec6000 	C:\WINDOWS\System32\GDI32.dll
0x00007ffc14960000 - 0x00007ffc14af4000 	C:\WINDOWS\System32\gdi32full.dll
0x00007ffc14b00000 - 0x00007ffc14b9e000 	C:\WINDOWS\System32\msvcp_win.dll
0x00007ffc14430000 - 0x00007ffc1452a000 	C:\WINDOWS\System32\ucrtbase.dll
0x00007ffbfb990000 - 0x00007ffbfbc15000 	C:\WINDOWS\WinSxS\amd64_microsoft.windows.common-controls_6595b64144ccf1df_6.0.18362.657_none_e6c5b579130e3898\COMCTL32.dll
0x00007ffc15830000 - 0x00007ffc15b66000 	C:\WINDOWS\System32\combase.dll
0x00007ffc14c50000 - 0x00007ffc14cd0000 	C:\WINDOWS\System32\bcryptPrimitives.dll
0x00007ffc0b8d0000 - 0x00007ffc0b8da000 	C:\WINDOWS\SYSTEM32\VERSION.dll
0x00007ffc14e70000 - 0x00007ffc14e9e000 	C:\WINDOWS\System32\IMM32.DLL
0x00007ffc0c290000 - 0x00007ffc0c2a6000 	C:\Program Files\Java\jdk-11.0.6\bin\vcruntime140.dll
0x00007ffbf5d60000 - 0x00007ffbf5e0a000 	C:\Program Files\Java\jdk-11.0.6\bin\msvcp140.dll
0x00007ffbaf450000 - 0x00007ffbaff79000 	C:\Program Files\Java\jdk-11.0.6\bin\server\jvm.dll
0x00007ffc16bd0000 - 0x00007ffc16bd8000 	C:\WINDOWS\System32\PSAPI.DLL
0x00007ffbfd570000 - 0x00007ffbfd579000 	C:\WINDOWS\SYSTEM32\WSOCK32.dll
0x00007ffc155b0000 - 0x00007ffc1561f000 	C:\WINDOWS\System32\WS2_32.dll
0x00007ffc0e610000 - 0x00007ffc0e634000 	C:\WINDOWS\SYSTEM32\WINMM.dll
0x00007ffc0e4b0000 - 0x00007ffc0e4dd000 	C:\WINDOWS\SYSTEM32\WINMMBASE.dll
0x00007ffc13bb0000 - 0x00007ffc13bfa000 	C:\WINDOWS\System32\cfgmgr32.dll
0x00007ffc13b90000 - 0x00007ffc13ba1000 	C:\WINDOWS\System32\kernel.appcore.dll
0x00007ffbfc560000 - 0x00007ffbfc571000 	C:\Program Files\Java\jdk-11.0.6\bin\verify.dll
0x00007ffc12380000 - 0x00007ffc12574000 	C:\WINDOWS\SYSTEM32\DBGHELP.DLL
0x00007ffc08d60000 - 0x00007ffc08d8a000 	C:\WINDOWS\SYSTEM32\dbgcore.DLL
0x00007ffbf82a0000 - 0x00007ffbf82c9000 	C:\Program Files\Java\jdk-11.0.6\bin\java.dll
0x00007ffbf75c0000 - 0x00007ffbf75d6000 	C:\Program Files\Java\jdk-11.0.6\bin\zip.dll
0x00007ffc0e680000 - 0x00007ffc0e68a000 	C:\Program Files\Java\jdk-11.0.6\bin\jimage.dll

dbghelp: loaded successfully - version: 4.0.5 - missing functions: none
symbol engine: initialized successfully - sym options: 0x614 - pdb path: .;C:\Program Files\Java\jdk-11.0.6\bin;C:\WINDOWS\SYSTEM32;C:\Program Files (x86)\AVG\Antivirus;C:\WINDOWS\WinSxS\amd64_microsoft.windows.common-controls_6595b64144ccf1df_6.0.18362.657_none_e6c5b579130e3898;C:\Program Files\Java\jdk-11.0.6\bin\server

VM Arguments:
jvm_args: -Xverify:none -XX:TieredStopAtLevel=1 -Dfile.encoding=windows-1252 -Duser.country=NZ -Duser.language=en -Duser.variant 
java_command: com.springvuegradle.Application
java_class_path (initial): C:\Users\Cam\Documents\University\2020\S0 - SENG302 Project Course\Project\FullProject\server\build\classes\java\main;C:\Users\Cam\Documents\University\2020\S0 - SENG302 Project Course\Project\FullProject\server\build\resources\main;C:\Users\Cam\.gradle\caches\modules-2\files-2.1\org.springframework.boot\spring-boot-starter-data-jpa\2.2.4.RELEASE\374fc811a6e64632593cae83fe6786b1b93b574\spring-boot-starter-data-jpa-2.2.4.RELEASE.jar;C:\Users\Cam\.gradle\caches\modules-2\files-2.1\org.springframework.boot\spring-boot-starter-data-rest\2.2.4.RELEASE\8ee304ca3c39cbbde13fc5f785660403241d30d0\spring-boot-starter-data-rest-2.2.4.RELEASE.jar;C:\Users\Cam\.gradle\caches\modules-2\files-2.1\org.springframework.boot\spring-boot-starter-web\2.2.4.RELEASE\ec75d01d212b5229c16d872fb127744c0ed46ed8\spring-boot-starter-web-2.2.4.RELEASE.jar;C:\Users\Cam\.gradle\caches\modules-2\files-2.1\org.mariadb.jdbc\mariadb-java-client\2.1.2\2484a99a6a86491531d17d491c931de8942ae0\mariadb-java-client-2.1.2.jar;C:\Users\Cam\.gradle\caches\modules-2\files-2.1\com.h2database\h2\1.4.200\f7533fe7cb8e99c87a43d325a77b4b678ad9031a\h2-1.4.200.jar;C:\Users\Cam\.gradle\caches\modules-2\files-2.1\org.springframework.boot\spring-boot-starter-aop\2.2.4.RELEASE\26fe8208e070eb17e48e101f812c4519103165a\spring-boot-starter-aop-2.2.4.RELEASE.jar;C:\Users\Cam\.gradle\caches\modules-2\files-2.1\org.springframework.boot\spring-boot-starter-jdbc\2.2.4.RELEASE\2391d4f6f338b1eee003f0aadfcd4124cd3ed191\spring-boot-starter-jdbc-2.2.4.RELEASE.jar;C:\Users\Cam\.gradle\caches\modules-2\files-2.1\org.hibernate\hibernate-core\5.4.10.Final\365690f87b040dc5d22cc24a4daff76d1cffef23\hibernate-core-5.4.10.Final.jar;C:\Users\Cam\.gradle\caches\modules-2\files-2.1\org.glassfish.jaxb\jaxb-runtime\2.3.2\5528bc882ea499a09d720b42af11785c4fc6be2a\jaxb-runtime-2.3.2.jar;C:\Users\Cam\.gradle\caches\modules-2\files-2.1\org.jvnet.staxex\stax-ex\1.8.1\78011e483a21102fb4858f3e8f269a677e50aa23\stax-ex-1.8.1.jar;C:\Us
Launcher Type: SUN_STANDARD

[Global flags]
     bool BytecodeVerificationLocal                = false                                     {product} {command line}
     bool BytecodeVerificationRemote               = false                                     {product} {command line}
     intx CICompilerCount                          = 3                                         {product} {ergonomic}
     uint ConcGCThreads                            = 1                                         {product} {ergonomic}
     uint G1ConcRefinementThreads                  = 4                                         {product} {ergonomic}
   size_t G1HeapRegionSize                         = 1048576                                   {product} {ergonomic}
    uintx GCDrainStackTargetSize                   = 64                                        {product} {ergonomic}
   size_t InitialHeapSize                          = 134217728                                 {product} {ergonomic}
   size_t MarkStackSize                            = 4194304                                   {product} {ergonomic}
   size_t MaxHeapSize                              = 2120220672                                {product} {ergonomic}
   size_t MinHeapDeltaBytes                        = 1048576                                   {product} {ergonomic}
    uintx NonNMethodCodeHeapSize                   = 6973028                                {pd product} {ergonomic}
    uintx NonProfiledCodeHeapSize                  = 244685212                              {pd product} {ergonomic}
    uintx ProfiledCodeHeapSize                     = 0                                      {pd product} {ergonomic}
    uintx ReservedCodeCacheSize                    = 251658240                              {pd product} {ergonomic}
     bool SegmentedCodeCache                       = true                                      {product} {ergonomic}
     intx TieredStopAtLevel                        = 1                                         {product} {command line}
     bool UseCompressedClassPointers               = true                                 {lp64_product} {ergonomic}
     bool UseCompressedOops                        = true                                 {lp64_product} {ergonomic}
     bool UseG1GC                                  = true                                      {product} {ergonomic}
     bool UseLargePagesIndividualAllocation        = false                                  {pd product} {ergonomic}

Logging:
Log output configuration:
 #0: stdout all=warning uptime,level,tags
 #1: stderr all=off uptime,level,tags

Environment Variables:
JAVA_HOME=C:\Program Files\Java\jdk-11.0.6\
CLASSPATH=C:\Users\Cam\Documents\University\2020\S0 - SENG302 Project Course\Project\FullProject\server\\gradle\wrapper\gradle-wrapper.jar
PATH=C:\Program Files\Java\jdk-11.0.6\bin;C:\Program Files (x86)\NVIDIA Corporation\PhysX\Common;C:\Program Files (x86)\Common Files\Oracle\Java\javapath;C:\ProgramData\Oracle\Java\javapath;C:\Program Files (x86)\Intel\iCLS Client\;C:\Program Files\Intel\iCLS Client\;C:\WINDOWS\system32;C:\WINDOWS;C:\WINDOWS\System32\Wbem;C:\WINDOWS\System32\WindowsPowerShell\v1.0\;C:\Program Files (x86)\Intel\Intel(R) Management Engine Components\DAL;C:\Program Files\Intel\Intel(R) Management Engine Components\DAL;C:\Program Files (x86)\Intel\Intel(R) Management Engine Components\IPT;C:\Program Files\Intel\Intel(R) Management Engine Components\IPT;C:\Program Files\Git\cmd;C:\WINDOWS\System32\OpenSSH\;C:\Program Files\apache-maven-3.5.4\bin;C:\Program Files\Intel\WiFi\bin\;C:\Program Files\Common Files\Intel\WirelessCommon\;C:\Program Files (x86)\sbt\bin;C:\Program Files\nodejs\;C:\Users\Cam\Win-builds\bin;C:\MinGW\bin;C:\Program Files\Java\jdk-11.0.6\bin;C:\Users\Cam\AppData\Local\Programs\Python\Python36-32\Scripts\;C:\Users\Cam\AppData\Local\Programs\Python\Python36-32\;C:\Users\Cam\AppData\Local\Microsoft\WindowsApps;C:\Program Files\JetBrains\WebStorm 2018.3.5\bin;;C:\Users\Cam\AppData\Roaming\npm;C:\Program Files\JetBrains\CLion 2019.2\bin;;C:\Users\Cam\AppData\Local\Microsoft\WindowsApps;C:\Program Files\JetBrains\IntelliJ IDEA 2019.3.3\bin;;
USERNAME=Cam
OS=Windows_NT
PROCESSOR_IDENTIFIER=Intel64 Family 6 Model 142 Stepping 9, GenuineIntel



---------------  S Y S T E M  ---------------

OS: Windows 10 , 64 bit Build 18362 (10.0.18362.329)

CPU:total 4 (initial active 4) (2 cores per cpu, 2 threads per core) family 6 model 142 stepping 9, cmov, cx8, fxsr, mmx, sse, sse2, sse3, ssse3, sse4.1, sse4.2, popcnt, avx, avx2, aes, clmul, erms, 3dnowpref, lzcnt, ht, tsc, tscinvbit, bmi1, bmi2, adx, fma

Memory: 4k page, system-wide physical 8087M (377M free)
TotalPageFile size 12176M (AvailPageFile size 28M)
current process WorkingSet (physical memory assigned to process): 9M, peak: 9M
current process commit charge ("private bytes"): 49M, peak: 177M

vm_info: Java HotSpot(TM) 64-Bit Server VM (11.0.6+8-LTS) for windows-amd64 JRE (11.0.6+8-LTS), built on Dec 11 2019 09:17:57 by "mach5one" with MS VC++ 15.5 (VS2017)

END.
